[debug] [2018-01-24T23:15:39.808Z] ----------------------------------------------------------------------
[debug] [2018-01-24T23:15:39.823Z] Command:       C:\Program Files\nodejs\node.exe C:\Users\Rick\AppData\Roaming\npm\node_modules\firebase-tools\bin\firebase serve
[debug] [2018-01-24T23:15:39.823Z] CLI Version:   3.17.3
[debug] [2018-01-24T23:15:39.823Z] Platform:      win32
[debug] [2018-01-24T23:15:39.823Z] Node Version:  v6.11.4
[debug] [2018-01-24T23:15:39.823Z] Time:          Wed Jan 24 2018 18:15:39 GMT-0500 (Eastern Standard Time)
[debug] [2018-01-24T23:15:39.823Z] ----------------------------------------------------------------------
[debug] 
[debug] [2018-01-24T23:15:39.839Z] > command requires scopes: ["email","openid","https://www.googleapis.com/auth/cloudplatformprojects.readonly","https://www.googleapis.com/auth/firebase","https://www.googleapis.com/auth/cloud-platform"]
[debug] [2018-01-24T23:15:39.839Z] > authorizing via signed-in user
[debug] [2018-01-24T23:15:39.839Z] >>> HTTP REQUEST GET https://admin.firebase.com/v1/projects/notepad-ebc62  
  
 Wed Jan 24 2018 18:15:39 GMT-0500 (Eastern Standard Time)
[debug] [2018-01-24T23:15:40.214Z] <<< HTTP RESPONSE 200
[debug] [2018-01-24T23:15:40.230Z] >>> HTTP REQUEST GET https://admin.firebase.com/v1/database/notepad-ebc62/tokens  
  
 Wed Jan 24 2018 18:15:40 GMT-0500 (Eastern Standard Time)
[debug] [2018-01-24T23:15:40.570Z] <<< HTTP RESPONSE 200
[info] 
[info] === Serving from 'C:\Users\Rick\Desktop\WAI\WAI'...
[info] 
[debug] [2018-01-24T23:15:40.570Z] >>> HTTP REQUEST GET https://cloudresourcemanager.googleapis.com/v1/projects/notepad-ebc62  
  
 Wed Jan 24 2018 18:15:40 GMT-0500 (Eastern Standard Time)
[debug] [2018-01-24T23:15:41.101Z] <<< HTTP RESPONSE 200
[debug] [2018-01-24T23:15:41.101Z] >>> HTTP REQUEST GET https://mobilesdk-pa.googleapis.com/v1/projects/647583058950/clients/_:getWebAppConfig  
  
 Wed Jan 24 2018 18:15:41 GMT-0500 (Eastern Standard Time)
[debug] [2018-01-24T23:15:41.671Z] <<< HTTP RESPONSE 200
[info] i  hosting: Serving hosting files from: public
[info] +  hosting: Local server: http://localhost:5000

